<?xml version="1.0" encoding="UTF-8"?>
<!-- Generated by org.testng.reporters.JUnitReportReporter -->
<testsuite hostname="DESKTOP-OCI419F" failures="0" tests="2" name="Tests.TesstNg" time="23.383" errors="0" timestamp="2023-09-21T14:19:40 IST" skipped="0">
  <testcase classname="Tests.TesstNg" name="test2" time="14.342"/>
  <testcase classname="Tests.TesstNg" name="test1" time="9.041"/>
</testsuite> <!-- Tests.TesstNg -->
