<?xml version="1.0" encoding="UTF-8"?>
<!-- Generated by org.testng.reporters.JUnitReportReporter -->
<testsuite hostname="DESKTOP-OCI419F" failures="0" tests="1" name="Tests.Testng" time="10.186" errors="0" timestamp="2023-10-12T12:12:11 IST" skipped="0">
  <testcase classname="Tests.Testng" name="cardekho" time="10.186"/>
</testsuite> <!-- Tests.Testng -->
